0.018957199528813362
0.007619731593877077
0.8226146697998047
0.720610499382019
0.010429675690829754
0.36214548349380493
0.09172648936510086
0.7552657127380371
0.4612331688404083
0.24035608768463135
0.23190943896770477
0.585548460483551
0.8714471459388733
0.04397856444120407
0.33145400881767273
0.4345807433128357
0.7495315670967102
0.8635386824607849
0.007215199992060661
0.364421546459198
0.0038250761572271585
0.014822141267359257
0.562365710735321
0.5584073066711426
0.8842087984085083
0.4068104028701782
0.018435100093483925
0.8347107768058777
0.6995442509651184
0.0051366472616791725
0.6684532165527344
0.009231878444552422
0.2851918339729309
0.08437488973140717
0.3661608397960663
0.21956345438957214
0.851606011390686
0.008671844378113747
0.03411255404353142
0.6322325468063354
0.060106147080659866
0.8691009879112244
0.6309651136398315
0.5541799664497375
0.9555218815803528
0.5117106437683105
0.0067958221770823
0.48344555497169495
0.7374471426010132
0.7886713147163391
0.9158241152763367
0.08935704827308655
0.00336257042363286
0.6624586582183838
0.8738399744033813
0.6492207050323486
0.7428996562957764
0.9011287093162537
0.3806006908416748
0.38638392090797424
0.0021572248078882694
0.9373770952224731
0.879080057144165
0.005384406540542841
0.5101576447486877
0.007470052223652601
0.702642023563385
0.7673431634902954
0.20868591964244843
0.36889100074768066
0.0892992913722992
0.7758823037147522
0.9444877505302429
0.16628429293632507
0.23667162656784058
0.6519569754600525
0.253120094537735
0.0063187554478645325
0.013259549625217915
0.10626980662345886
0.0015501619782298803
0.04370737075805664
0.2917015254497528
0.20421917736530304
0.6012722253799438
0.49396032094955444
0.036968182772397995
0.568468451499939
0.04765520617365837
0.46595245599746704
0.10487572103738785
0.018822159618139267
0.002524761715903878
0.0027138935402035713
0.6455320715904236
0.6773340106010437
0.7798170447349548
0.012010015547275543
0.8817262649536133
0.5831320881843567
0.8686025142669678
0.6599171161651611
0.0033342500682920218
0.09349703043699265
0.4398477375507355
0.41451430320739746
0.03273749351501465
0.8825780749320984
0.004398143384605646
0.11553873121738434
0.16449114680290222
0.007164796348661184
0.8282222747802734
0.8996540307998657
0.05208795145153999
0.5951412916183472
0.020147567614912987
0.7782571911811829
0.3715065121650696
0.69807368516922
0.17987816035747528
0.38934341073036194
0.038522012531757355
0.13258902728557587
0.009895652532577515
0.7358920574188232
0.4785999059677124
0.748505711555481
0.05703401193022728
0.4704703092575073
0.7480934262275696
0.04279475286602974
0.009823569096624851
0.9598650336265564
0.9548885226249695
0.7788641452789307
0.007636548951268196
0.36266636848449707
0.5067905783653259
0.14317329227924347
0.21415702998638153
0.5404285192489624
0.005787682719528675
0.1956888884305954
0.8952265977859497
0.1160290539264679
0.5210912227630615
0.006453148555010557
0.08699311316013336
0.4914778470993042
0.8685353398323059
0.33696576952934265
0.1091904416680336
0.28910118341445923
0.026853125542402267
0.13236264884471893
0.18859291076660156
0.6374754309654236
0.7118489742279053
0.009372947737574577
0.0010567009449005127
0.009168344549834728
0.1840587556362152
0.00800058338791132
0.0040392340160906315
0.028454957529902458
0.44056084752082825
0.8163834810256958
0.06898186355829239
0.5915298461914062
0.0638599768280983
0.4064175486564636
0.07671007513999939
0.37300533056259155
0.033032871782779694
0.5795701742172241
0.8566107153892517
0.001621082192286849
0.08419919013977051
0.1758037805557251
0.04043113440275192
0.01926269941031933
0.014438709244132042
0.30616697669029236
0.876480221748352
0.15495352447032928
0.008463211357593536
0.3431489169597626
0.6569033861160278
0.0020669586956501007
0.13026975095272064
0.7489073872566223
0.31669124960899353
0.4761168658733368
0.5376536846160889
0.9670718908309937
0.20748703181743622
0.9490907788276672
0.005409515928477049
0.009127797558903694
0.005858380347490311
0.7003329992294312
0.7601913213729858
0.00215031486004591
0.7783454656600952
0.0617251954972744
0.2542172074317932
0.8388814926147461
0.055369555950164795
0.21058614552021027
0.08820118755102158
0.9442697167396545
0.1925078183412552
0.006394973956048489
0.0370112843811512
0.2537265419960022
0.08746998012065887
0.7182736396789551
0.0034724620636552572
0.12152209132909775
0.2606443464756012
0.1341383159160614
0.0017361887730658054
0.9416229128837585
0.0395561046898365
0.797590970993042
0.0946333184838295
0.10522718727588654
0.008417637087404728
0.14364679157733917
0.7370761632919312
0.89278244972229
0.027990246191620827
0.7659987211227417
0.006528688594698906
0.02056090533733368
0.28674209117889404
0.05263614282011986
0.0028272252529859543
0.9663054943084717
0.002237003529444337
0.40887999534606934
0.1033668965101242
0.013163343071937561
0.02944476716220379
0.029314888641238213
0.012947618030011654
0.14048649370670319
0.09433931112289429
0.010601984336972237
0.2866697907447815
0.660710871219635
0.1302686482667923
0.11502733826637268
0.871487557888031
0.0188682172447443
0.6715231537818909
0.8328660130500793
0.5212189555168152
0.7028985023498535
0.866233229637146
0.026908546686172485
0.2933144271373749
0.6202726364135742
0.01048964075744152
0.04081835597753525
0.0075732627883553505
0.28769418597221375
0.022592760622501373
0.30898991227149963
0.20056264102458954
0.7950199842453003
0.9857895970344543
0.10063758492469788
0.08904789388179779
0.801450252532959
0.5677939057350159
0.0037069516256451607
0.05556865781545639
0.7911978363990784
0.6108471155166626
0.10017038881778717
0.12260214984416962
0.021108189597725868
0.5236573219299316
0.450662225484848
0.9869862198829651
0.015845337882637978
0.001396730775013566
0.16284751892089844
0.3041204810142517
0.504710853099823
0.6233111619949341
0.28355202078819275
0.33577775955200195
0.3207991421222687
0.04769539833068848
0.2078138291835785
0.1936674267053604
0.1979770064353943
0.641451358795166
0.4767634868621826
0.18354953825473785
0.6987243890762329
0.24750930070877075
0.008906559087336063
0.4513034224510193
0.5239920616149902
0.4919872581958771
0.03365439921617508
0.8550326228141785
0.290813684463501
0.38610565662384033
0.29766109585762024
0.024090014398097992
0.7207760810852051
0.0010840710019692779
0.005693973042070866
0.4727323353290558
0.002713114023208618
0.4391189217567444
0.01267523318529129
0.7760943174362183
0.811093270778656
0.36848998069763184
0.9236834645271301
0.17367994785308838
0.828226625919342
0.1476382315158844
0.10357452929019928
0.2188306748867035
0.08785530179738998
0.06181873008608818
0.7515528202056885
0.8791694641113281
0.6903142333030701
0.15560293197631836
0.6161267757415771
0.09581325948238373
0.1793779581785202
0.004543904680758715
0.1619061976671219
0.9828264117240906
0.03512115031480789
0.8421451449394226
0.41963639855384827
0.7506162524223328
0.0037176269106566906
0.004070516675710678
0.005320637486875057
0.1723369061946869
0.05762280523777008
0.10265856236219406
0.383504182100296
0.05008033290505409
0.11782155185937881
0.10417262464761734
0.5262174606323242
0.022098975256085396
0.033440932631492615
0.006724941544234753
0.7120715379714966
0.09441187977790833
0.5557674169540405
0.7767664790153503
0.6803315877914429
0.06527668982744217
0.004182442557066679
0.8070557713508606
0.1256541758775711
0.11021903157234192
0.001947046141140163
0.03688715770840645
0.04490276053547859
0.02445043995976448
0.482499897480011
0.7751193046569824
0.9293335676193237
0.05366251617670059
0.15615993738174438
0.9764564037322998
0.6534619927406311
0.789741039276123
0.0045071435160934925
0.0006087289075367153
0.4710710048675537
0.7350168824195862
0.010976114310324192
0.4232816696166992
0.43398284912109375
0.04835129529237747
0.15245822072029114
0.06467131525278091
0.07044694572687149
0.2307499796152115
0.6080513596534729
0.27954304218292236
0.8055620789527893
0.0074354782700538635
0.7815011143684387
0.48254725337028503
0.6280955672264099
0.23432615399360657
0.37497568130493164
0.2581518888473511
0.06941504031419754
0.047187674790620804
0.08966486901044846
0.009368224069476128
0.5954224467277527
0.7724050879478455
0.10703112185001373
0.0013316224794834852
0.7348072528839111
0.7107429504394531
0.045714303851127625
0.4971352815628052
0.9622780680656433
0.5113692879676819
0.014529337175190449
0.11186156421899796
0.42124733328819275
0.399838387966156
0.8563074469566345
0.9314839243888855
0.03342825174331665
0.011094450019299984
0.3061290383338928
0.8401719927787781
0.46298497915267944
0.8223956823348999
0.317499041557312
0.21709081530570984
0.37149596214294434
0.009142999537289143
0.344193696975708
0.21615394949913025
0.6729704141616821
0.8164440393447876
0.0035037396010011435
0.9406608939170837
0.5359007120132446
0.6526637077331543
0.046792928129434586
0.7053162455558777
0.051017653197050095
0.002793948631733656
0.6948373913764954
0.002686457009986043
0.0072650546208024025
0.002194795524701476
0.08358997106552124
0.014138768427073956
0.7228878140449524
0.893925130367279
0.03695870190858841
0.5255523324012756
0.03718915581703186
0.9744943380355835
0.6538955569267273
0.5528712868690491
0.0039029428735375404
0.11172609776258469
0.4721808433532715
0.7726898789405823
0.5768507719039917
0.11481279879808426
0.5147363543510437
0.19080980122089386
0.009250804781913757
0.9270604252815247
0.8649435043334961
0.002072525443509221
0.8471651077270508
0.888141930103302
0.014333479106426239
0.008819487877190113
0.3815460205078125
0.1729939579963684
0.6646518111228943
0.4337555766105652
0.40281593799591064
0.3396824598312378
0.790307343006134
0.9315785765647888
0.6690341234207153
0.22233964502811432
0.1483258754014969
0.026652438566088676
0.1234881728887558
0.2878291606903076
0.0056001972407102585
0.0945492833852768
0.1559453308582306
0.14876239001750946
0.8975569009780884
0.6995395421981812
0.07448707520961761
0.5733936429023743
0.3758193552494049
0.003967286553233862
0.19518640637397766
0.057834286242723465
0.46258148550987244
0.06509744375944138
0.035115089267492294
0.4767213463783264
0.0378921739757061
0.07238293439149857
0.0474204458296299
0.3705919682979584
0.07703467458486557
0.05414915829896927
0.045209430158138275
0.42143431305885315
0.14799368381500244
0.18110066652297974
0.5956644415855408
0.35650673508644104
0.006379107944667339
0.5224681496620178
0.009123650379478931
0.31241634488105774
0.03386854752898216
0.8834941983222961
0.0051934365183115005
0.155658558011055
0.3778752088546753
0.961730420589447
0.5143713355064392
0.06190847232937813
0.0041092755272984505
0.008786776103079319
0.7606905698776245
0.00771446293219924
0.9534599184989929
0.8244890570640564
0.015586983412504196
0.05052446201443672
0.00994478166103363
0.06859271973371506
0.5373963713645935
0.2729167640209198
0.16407884657382965
0.042347751557826996
0.6803929805755615
0.053908348083496094
0.8719293475151062
0.2590138614177704
0.7920773029327393
0.004451060201972723
0.09408506006002426
0.01361092273145914
0.002170073799788952
0.03116067685186863
0.006573877297341824
0.6921120285987854
0.27855435013771057
0.058803901076316833
0.002359607955440879
0.9427098035812378
0.7703031897544861
0.42138177156448364
0.30228671431541443
0.05940299853682518
0.024074869230389595
0.9416584372520447
0.00751498294994235
0.8623958230018616
0.6493796706199646
0.6631678342819214
0.37801840901374817
0.002494553104043007
0.813704788684845
0.40291452407836914
0.5848550200462341
0.18297350406646729
0.00480933953076601
0.26159927248954773
0.0024564352352172136
0.4163869321346283
0.5698908567428589
0.20577603578567505
0.0427635982632637
0.8763980865478516
0.0037784562446177006
0.6911121010780334
0.34291669726371765
0.08245765417814255
0.012168393470346928
0.006122679449617863
0.4236518442630768
0.22029389441013336
0.003688797354698181
0.15399886667728424
0.02716699428856373
0.7551433444023132
0.4540714621543884
0.5776147246360779
0.7508488297462463
0.8092235326766968
0.8223457336425781
0.19381031394004822
0.44457757472991943
0.02517673559486866
0.7227391004562378
0.8913158774375916
0.09624502807855606
0.0416899211704731
0.0677068680524826
0.02546355128288269
0.21038663387298584
0.30831819772720337
0.04671977832913399
0.627663254737854
0.887972891330719
0.8612006306648254
0.03165275231003761
0.2630363702774048
0.3588540852069855
0.30373072624206543
0.25481003522872925
0.6459303498268127
0.0067525808699429035
0.032903555780649185
0.14050385355949402
0.02079608477652073
0.3249233663082123
0.06069932505488396
0.5063658952713013
0.22283317148685455
0.009525440633296967
0.009381300769746304
0.6652628779411316
0.9596728682518005
0.004577834624797106
0.1579321324825287
0.026170548051595688
0.7117825150489807
0.09708210080862045
0.6280765533447266
0.09151888638734818
0.8077178597450256
0.338055819272995
0.12049895524978638
0.06947347521781921
0.014883841387927532
0.8196918964385986
0.8321970105171204
0.805340588092804
0.14654424786567688
0.008133024908602238
0.004561400040984154
0.02081785537302494
0.5529595613479614
0.017554493620991707
0.0009651377913542092
0.03995976224541664
0.16380731761455536
0.2652836740016937
0.3063282370567322
0.21000517904758453
0.004133277107030153
0.003620458533987403
0.7966477274894714
0.7609200477600098
0.16259415447711945
0.08924718201160431
0.40931618213653564
0.27171212434768677
0.5255186557769775
0.5749908089637756
0.009906497783958912
0.02448166348040104
0.02115144580602646
0.5954419374465942
0.01435876451432705
0.15858756005764008
0.10693097114562988
0.24335317313671112
0.022328414022922516
0.8790891766548157
0.1432403028011322
0.9603316187858582
0.13090933859348297
0.0020073633641004562
0.011092028580605984
0.29558065533638
0.19100350141525269
0.32285216450691223
0.012006496079266071
0.46003466844558716
0.0024709042627364397
